<?xml version="1.0" encoding="UTF-8"?>
<!-- Generated by org.testng.reporters.JUnitReportReporter -->
<testsuite hostname="L-INE-G6NSYZ2" failures="0" tests="2" name="com.runner.RunnerClass$CucumberRunnerTests" time="29.439" errors="0" timestamp="2023-09-28T03:46:20 IST" skipped="0">
  <testcase classname="com.runner.RunnerClass$CucumberRunnerTests" name="runScenario" time="5.281"/>
  <testcase classname="com.runner.RunnerClass$CucumberRunnerTests" name="runScenario" time="24.158"/>
</testsuite> <!-- com.runner.RunnerClass$CucumberRunnerTests -->
