<?xml version="1.0" encoding="UTF-8"?>
<!-- Generated by org.testng.reporters.JUnitReportReporter -->
<testsuite hostname="L-INE-G6NSYZ2" failures="0" tests="2" name="com.runner.RunnerClass$CucumberRunnerTests" time="26.125" errors="0" timestamp="2023-09-28T10:06:17 IST" skipped="0">
  <testcase classname="com.runner.RunnerClass$CucumberRunnerTests" name="runScenario" time="20.352"/>
  <testcase classname="com.runner.RunnerClass$CucumberRunnerTests" name="runScenario" time="5.773"/>
</testsuite> <!-- com.runner.RunnerClass$CucumberRunnerTests -->
